0 info it worked if it ends with ok
1 verbose cli [ '/usr/local/bin/node',
1 verbose cli   '/usr/local/bin/npm',
1 verbose cli   'install',
1 verbose cli   'chrome-browser' ]
2 info using npm@2.5.1
3 info using node@v0.12.0
4 silly cache add args [ 'chrome-browser', null ]
5 verbose cache add spec chrome-browser
6 silly cache add parsed spec { raw: 'chrome-browser',
6 silly cache add   scope: null,
6 silly cache add   name: 'chrome-browser',
6 silly cache add   rawSpec: '',
6 silly cache add   spec: '*',
6 silly cache add   type: 'range' }
7 verbose addNamed chrome-browser@*
8 silly addNamed semver.valid null
9 silly addNamed semver.validRange *
10 silly addNameRange { name: 'chrome-browser', range: '*', hasData: false }
11 silly mapToRegistry name chrome-browser
12 silly mapToRegistry using default registry
13 silly mapToRegistry registry https://registry.npmjs.org/
14 silly mapToRegistry uri https://registry.npmjs.org/chrome-browser
15 verbose addNameRange registry:https://registry.npmjs.org/chrome-browser not in flight; fetching
16 verbose request uri https://registry.npmjs.org/chrome-browser
17 verbose request no auth needed
18 info attempt registry request try #1 at 21:17:05
19 verbose request id 878c8d1a41ab2afd
20 http request GET https://registry.npmjs.org/chrome-browser
21 http 404 https://registry.npmjs.org/chrome-browser
22 verbose headers { 'content-type': 'application/json',
22 verbose headers   'cache-control': 'max-age=0',
22 verbose headers   'content-length': '2',
22 verbose headers   'accept-ranges': 'bytes',
22 verbose headers   date: 'Wed, 13 Apr 2016 21:25:00 GMT',
22 verbose headers   via: '1.1 varnish',
22 verbose headers   age: '0',
22 verbose headers   connection: 'keep-alive',
22 verbose headers   'x-served-by': 'cache-ord1736-ORD',
22 verbose headers   'x-cache': 'MISS',
22 verbose headers   'x-cache-hits': '0',
22 verbose headers   'x-timer': 'S1460582700.607288,VS0,VE85',
22 verbose headers   vary: 'Accept-Encoding' }
23 silly get cb [ 404,
23 silly get   { 'content-type': 'application/json',
23 silly get     'cache-control': 'max-age=0',
23 silly get     'content-length': '2',
23 silly get     'accept-ranges': 'bytes',
23 silly get     date: 'Wed, 13 Apr 2016 21:25:00 GMT',
23 silly get     via: '1.1 varnish',
23 silly get     age: '0',
23 silly get     connection: 'keep-alive',
23 silly get     'x-served-by': 'cache-ord1736-ORD',
23 silly get     'x-cache': 'MISS',
23 silly get     'x-cache-hits': '0',
23 silly get     'x-timer': 'S1460582700.607288,VS0,VE85',
23 silly get     vary: 'Accept-Encoding' } ]
24 verbose stack Error: Registry returned 404 for GET on https://registry.npmjs.org/chrome-browser
24 verbose stack     at CachingRegistryClient.<anonymous> (/usr/local/lib/node_modules/npm/node_modules/npm-registry-client/lib/request.js:244:14)
24 verbose stack     at Request._callback (/usr/local/lib/node_modules/npm/node_modules/npm-registry-client/lib/request.js:178:14)
24 verbose stack     at Request.self.callback (/usr/local/lib/node_modules/npm/node_modules/request/request.js:344:22)
24 verbose stack     at Request.emit (events.js:110:17)
24 verbose stack     at Request.<anonymous> (/usr/local/lib/node_modules/npm/node_modules/request/request.js:1239:14)
24 verbose stack     at Request.emit (events.js:129:20)
24 verbose stack     at IncomingMessage.<anonymous> (/usr/local/lib/node_modules/npm/node_modules/request/request.js:1187:12)
24 verbose stack     at IncomingMessage.emit (events.js:129:20)
24 verbose stack     at _stream_readable.js:908:16
24 verbose stack     at process._tickCallback (node.js:355:11)
25 verbose statusCode 404
26 verbose pkgid chrome-browser
27 verbose cwd /home/vagrant/cnx-epub/cnxepub/scripts/book_zip
28 error Linux 3.13.0-46-generic
29 error argv "/usr/local/bin/node" "/usr/local/bin/npm" "install" "chrome-browser"
30 error node v0.12.0
31 error npm  v2.5.1
32 error code E404
33 error 404 Registry returned 404 for GET on https://registry.npmjs.org/chrome-browser
33 error 404
33 error 404 'chrome-browser' is not in the npm registry.
33 error 404 You should bug the author to publish it (or use the name yourself!)
33 error 404
33 error 404 Note that you can also install from a
33 error 404 tarball, folder, http url, or git url.
34 verbose exit [ 1, true ]
